2016-09-12 15:31:22.403 WindowsDevUG.iOS[3116:350339] Xamarin.iOS: Read 1024 bytes from shared memory: 0x16e15000 with key 277652 and id 65536
2016-09-12 15:31:22.403 WindowsDevUG.iOS[3116:350339] Xamarin.iOS: Found port 49665 in shared memory
2016-09-12 15:31:22.404 WindowsDevUG.iOS[3116:350339] Xamarin.iOS: Added IP to look for the IDE: 127.0.0.1
2016-09-12 15:31:22.404 WindowsDevUG.iOS[3116:350339] Xamarin.iOS: IDE Port: 49665 Transport: WiFi
2016-09-12 15:31:22.404 WindowsDevUG.iOS[3116:350339] Xamarin.iOS: Socket error while connecting to IDE on 127.0.0.1:49665: Connection refused
2016-09-12 15:31:22.405 WindowsDevUG.iOS[3116:350330] Xamarin.iOS: Debugger not loaded (disabled).
2016-09-12 15:31:22.405 WindowsDevUG.iOS[3116:350330] Xamarin.iOS: Profiler not loaded (disabled)
2016-09-12 15:31:23.655 WindowsDevUG.iOS[3116:350330] Error loading /System/Library/Extensions/IOHIDFamily.kext/Contents/PlugIns/IOHIDLib.plugin/Contents/MacOS/IOHIDLib:  dlopen(/System/Library/Extensions/IOHIDFamily.kext/Contents/PlugIns/IOHIDLib.plugin/Contents/MacOS/IOHIDLib, 262): no suitable image found.  Did find:
	/System/Library/Extensions/IOHIDFamily.kext/Contents/PlugIns/IOHIDLib.plugin/Contents/MacOS/IOHIDLib: mach-o, but not built for iOS simulator
2016-09-12 15:31:23.655 WindowsDevUG.iOS[3116:350330] Cannot find function pointer IOHIDLibFactory for factory 13AA9C44-6F1B-11D4-907C-0005028F18D5 in CFBundle/CFPlugIn 0x7d0e6000 </System/Library/Extensions/IOHIDFamily.kext/Contents/PlugIns/IOHIDLib.plugin> (bundle, not loaded)
2016-09-12 15:31:23.655 WindowsDevUG.iOS[3116:350330] Error loading /System/Library/Extensions/IOHIDFamily.kext/Contents/PlugIns/IOHIDLib.plugin/Contents/MacOS/IOHIDLib:  dlopen(/System/Library/Extensions/IOHIDFamily.kext/Contents/PlugIns/IOHIDLib.plugin/Contents/MacOS/IOHIDLib, 262): no suitable image found.  Did find:
	/System/Library/Extensions/IOHIDFamily.kext/Contents/PlugIns/IOHIDLib.plugin/Contents/MacOS/IOHIDLib: mach-o, but not built for iOS simulator
2016-09-12 15:31:23.655 WindowsDevUG.iOS[3116:350330] Cannot find function pointer IOHIDLibFactory for factory 13AA9C44-6F1B-11D4-907C-0005028F18D5 in CFBundle/CFPlugIn 0x7d0e6000 </System/Library/Extensions/IOHIDFamily.kext/Contents/PlugIns/IOHIDLib.plugin> (bundle, not loaded)
2016-09-12 15:31:23.656 WindowsDevUG.iOS[3116:350330] Error loading /System/Library/Extensions/IOHIDFamily.kext/Contents/PlugIns/IOHIDLib.plugin/Contents/MacOS/IOHIDLib:  dlopen(/System/Library/Extensions/IOHIDFamily.kext/Contents/PlugIns/IOHIDLib.plugin/Contents/MacOS/IOHIDLib, 262): no suitable image found.  Did find:
	/System/Library/Extensions/IOHIDFamily.kext/Contents/PlugIns/IOHIDLib.plugin/Contents/MacOS/IOHIDLib: mach-o, but not built for iOS simulator
2016-09-12 15:31:23.656 WindowsDevUG.iOS[3116:350330] Cannot find function pointer IOHIDLibFactory for factory 13AA9C44-6F1B-11D4-907C-0005028F18D5 in CFBundle/CFPlugIn 0x7d0e6000 </System/Library/Extensions/IOHIDFamily.kext/Contents/PlugIns/IOHIDLib.plugin> (bundle, not loaded)
2016-09-12 15:31:23.656 WindowsDevUG.iOS[3116:350330] Error loading /System/Library/Extensions/IOHIDFamily.kext/Contents/PlugIns/IOHIDLib.plugin/Contents/MacOS/IOHIDLib:  dlopen(/System/Library/Extensions/IOHIDFamily.kext/Contents/PlugIns/IOHIDLib.plugin/Contents/MacOS/IOHIDLib, 262): no suitable image found.  Did find:
	/System/Library/Extensions/IOHIDFamily.kext/Contents/PlugIns/IOHIDLib.plugin/Contents/MacOS/IOHIDLib: mach-o, but not built for iOS simulator
2016-09-12 15:31:23.656 WindowsDevUG.iOS[3116:350330] Cannot find function pointer IOHIDLibFactory for factory 13AA9C44-6F1B-11D4-907C-0005028F18D5 in CFBundle/CFPlugIn 0x7d0e6000 </System/Library/Extensions/IOHIDFamily.kext/Contents/PlugIns/IOHIDLib.plugin> (bundle, not loaded)
2016-09-12 15:31:23.657 WindowsDevUG.iOS[3116:350330] Error loading /System/Library/Extensions/IOHIDFamily.kext/Contents/PlugIns/IOHIDLib.plugin/Contents/MacOS/IOHIDLib:  dlopen(/System/Library/Extensions/IOHIDFamily.kext/Contents/PlugIns/IOHIDLib.plugin/Contents/MacOS/IOHIDLib, 262): no suitable image found.  Did find:
	/System/Library/Extensions/IOHIDFamily.kext/Contents/PlugIns/IOHIDLib.plugin/Contents/MacOS/IOHIDLib: mach-o, but not built for iOS simulator
2016-09-12 15:31:23.657 WindowsDevUG.iOS[3116:350330] Cannot find function pointer IOHIDLibFactory for factory 13AA9C44-6F1B-11D4-907C-0005028F18D5 in CFBundle/CFPlugIn 0x7d0e6000 </System/Library/Extensions/IOHIDFamily.kext/Contents/PlugIns/IOHIDLib.plugin> (bundle, not loaded)
